#
# There is insufficient memory for the Java Runtime Environment to continue.
# Native memory allocation (malloc) failed to allocate 32976 bytes for Chunk::new
# Possible reasons:
#   The system is out of physical RAM or swap space
#   The process is running with CompressedOops enabled, and the Java Heap may be blocking the growth of the native heap
# Possible solutions:
#   Reduce memory load on the system
#   Increase physical memory or swap space
#   Check if swap backing store is full
#   Decrease Java heap size (-Xmx/-Xms)
#   Decrease number of Java threads
#   Decrease Java thread stack sizes (-Xss)
#   Set larger code cache with -XX:ReservedCodeCacheSize=
#   JVM is running with Zero Based Compressed Oops mode in which the Java heap is
#     placed in the first 32GB address space. The Java Heap base address is the
#     maximum limit for the native heap growth. Please use -XX:HeapBaseMinAddress
#     to set the Java Heap base and to place the Java Heap above 32GB virtual address.
# This output file may be truncated or incomplete.
#
#  Out of Memory Error (allocation.cpp:389), pid=8560, tid=0x0000000000002dc4
#
# JRE version: OpenJDK Runtime Environment (8.0_362-b08) (build 1.8.0_362-b08)
# Java VM: OpenJDK 64-Bit Server VM (25.362-b08 mixed mode windows-amd64 compressed oops)
# Failed to write core dump. Minidumps are not enabled by default on client versions of Windows
#

---------------  T H R E A D  ---------------

Current thread (0x0000025217859800):  JavaThread "C2 CompilerThread1" daemon [_thread_in_native, id=11716, stack(0x0000005a72800000,0x0000005a72900000)]

Stack: [0x0000005a72800000,0x0000005a72900000]
[error occurred during error reporting (printing stack bounds), id 0xc0000005]

Native frames: (J=compiled Java code, j=interpreted, Vv=VM code, C=native code)


Current CompileTask:
C2:   1159  896       4       sun.misc.URLClassPath::getResource (83 bytes)


---------------  P R O C E S S  ---------------

Java Threads: ( => current thread )
  0x0000025217fee000 JavaThread "RMI TCP Accept-0" daemon [_thread_in_native, id=3912, stack(0x0000005a72c00000,0x0000005a72d00000)]
  0x000002521787e000 JavaThread "Service Thread" daemon [_thread_blocked, id=10284, stack(0x0000005a72b00000,0x0000005a72c00000)]
  0x0000025217862000 JavaThread "C1 CompilerThread3" daemon [_thread_blocked, id=17640, stack(0x0000005a72a00000,0x0000005a72b00000)]
  0x000002521785c800 JavaThread "C2 CompilerThread2" daemon [_thread_blocked, id=15676, stack(0x0000005a72900000,0x0000005a72a00000)]
=>0x0000025217859800 JavaThread "C2 CompilerThread1" daemon [_thread_in_native, id=11716, stack(0x0000005a72800000,0x0000005a72900000)]
  0x0000025217846800 JavaThread "C2 CompilerThread0" daemon [_thread_in_native, id=16460, stack(0x0000005a72700000,0x0000005a72800000)]
  0x0000025217830800 JavaThread "JDWP Command Reader" daemon [_thread_in_native, id=9612, stack(0x0000005a72600000,0x0000005a72700000)]
  0x000002521782c800 JavaThread "JDWP Event Helper Thread" daemon [_thread_blocked, id=12368, stack(0x0000005a72500000,0x0000005a72600000)]
  0x0000025217815000 JavaThread "JDWP Transport Listener: dt_socket" daemon [_thread_blocked, id=7028, stack(0x0000005a72400000,0x0000005a72500000)]
  0x000002527ec7b000 JavaThread "Attach Listener" daemon [_thread_blocked, id=15604, stack(0x0000005a72300000,0x0000005a72400000)]
  0x000002527ec7a000 JavaThread "Signal Dispatcher" daemon [_thread_blocked, id=18408, stack(0x0000005a72200000,0x0000005a72300000)]
  0x000002527ebf7800 JavaThread "Finalizer" daemon [_thread_blocked, id=15852, stack(0x0000005a72100000,0x0000005a72200000)]
  0x000002527ebe8800 JavaThread "Reference Handler" daemon [_thread_blocked, id=3200, stack(0x0000005a72000000,0x0000005a72100000)]
  0x000002527ab0d800 JavaThread "main" [_thread_in_Java, id=17404, stack(0x0000005a71600000,0x0000005a71700000)]

Other Threads:
  0x000002527ebc1000 VMThread [stack: 0x0000005a71f00000,0x0000005a72000000] [id=15660]
  0x000002521800c000 WatcherThread [stack: 0x0000005a72d00000,0x0000005a72e00000] [id=9696]

VM state:not at safepoint (normal execution)

VM Mutex/Monitor currently owned by a thread: None

heap address: 0x00000006c4200000, size: 4030 MB, Compressed Oops mode: Zero based, Oop shift amount: 3
Narrow klass base: 0x0000000000000000, Narrow klass shift: 3
Compressed class space size: 1073741824 Address: 0x00000007c0000000

Heap:
 PSYoungGen      total 75264K, used 37602K [0x000000076c100000, 0x0000000771500000, 0x00000007c0000000)
  eden space 64512K, 58% used [0x000000076c100000,0x000000076e5b88a8,0x0000000770000000)
  from space 10752K, 0% used [0x0000000770a80000,0x0000000770a80000,0x0000000771500000)
  to   space 10752K, 0% used [0x0000000770000000,0x0000000770000000,0x0000000770a80000)
 ParOldGen       total 172032K, used 0K [0x00000006c4200000, 0x00000006cea00000, 0x000000076c100000)
  object space 172032K, 0% used [0x00000006c4200000,0x00000006c4200000,0x00000006cea00000)
 Metaspace       used 11885K, capacity 12156K, committed 12288K, reserved 1060864K
  class space    used 1393K, capacity 1492K, committed 1536K, reserved 1048576K

Card table byte_map: [0x000002527cc80000,0x000002527d460000] byte_map_base: 0x000002527965f000

Marking Bits: (ParMarkBitMap*) 0x00000000731d6830
 Begin Bits: [0x000002520f000000, 0x0000025212ef8000)
 End Bits:   [0x0000025212ef8000, 0x0000025216df0000)

Polling page: 0x000002527ad50000

CodeCache: size=245760Kb used=3455Kb max_used=3473Kb free=242304Kb
 bounds [0x0000025200000000, 0x0000025200370000, 0x000002520f000000]
 total_blobs=1246 nmethods=894 adapters=273
 compilation: enabled

Compilation events (10 events):
Event: 1.146 Thread 0x0000025217862000  892   !   3       org.springframework.util.ConcurrentReferenceHashMap$Segment::clear (69 bytes)
Event: 1.146 Thread 0x0000025217862000 nmethod 892 0x000002520035c790 code [0x000002520035c960, 0x000002520035d410]
Event: 1.146 Thread 0x0000025217862000  893   !   3       java.lang.ClassLoader::getPackage (118 bytes)
Event: 1.146 Thread 0x0000025217859800 nmethod 891 0x0000025200355910 code [0x0000025200355a60, 0x0000025200355b78]
Event: 1.147 Thread 0x0000025217862000 nmethod 893 0x000002520035f350 code [0x000002520035f540, 0x00000252003600b0]
Event: 1.147 Thread 0x0000025217862000  894       1       org.springframework.core.ResolvableType::resolve (5 bytes)
Event: 1.147 Thread 0x0000025217862000 nmethod 894 0x00000252003555d0 code [0x0000025200355720, 0x0000025200355838]
Event: 1.149 Thread 0x000002521785c800 nmethod 859% 0x00000252003637d0 code [0x0000025200363960, 0x00000252003654f8]
Event: 1.150 Thread 0x0000025217846800  895       4       sun.net.www.ParseUtil::encodePath (336 bytes)
Event: 1.152 Thread 0x0000025217859800  896       4       sun.misc.URLClassPath::getResource (83 bytes)

GC Heap History (0 events):
No events

Deoptimization events (1 events):
Event: 0.431 Thread 0x000002527ab0d800 Uncommon trap: reason=unstable_if action=reinterpret pc=0x0000025200104544 method=java.lang.String.hashCode()I @ 14

Classes redefined (0 events):
No events

Internal exceptions (10 events):
Event: 0.529 Thread 0x000002527ab0d800 Exception <a 'java/security/PrivilegedActionException'> (0x000000076c94e748) thrown at [C:\wsjdk\Corretto8Src\installers\windows\zip\corretto-build\buildRoot\hotspot\src\share\vm\prims\jvm.cpp, line 1514]
Event: 0.529 Thread 0x000002527ab0d800 Exception <a 'java/security/PrivilegedActionException'> (0x000000076c94e958) thrown at [C:\wsjdk\Corretto8Src\installers\windows\zip\corretto-build\buildRoot\hotspot\src\share\vm\prims\jvm.cpp, line 1514]
Event: 0.707 Thread 0x000002527ab0d800 Exception <a 'java/lang/ClassNotFoundException': javax/management/remote/rmi/RMIJRMPServerImpl$ExportedWrapper_Stub> (0x000000076cc654c0) thrown at [C:\wsjdk\Corretto8Src\installers\windows\zip\corretto-build\buildRoot\hotspot\src\share\vm\classfile\syste
Event: 0.748 Thread 0x000002527ab0d800 Exception <a 'java/lang/NoSuchFieldError': method resolution failed> (0x000000076ce200f8) thrown at [C:\wsjdk\Corretto8Src\installers\windows\zip\corretto-build\buildRoot\hotspot\src\share\vm\prims\methodHandles.cpp, line 1194]
Event: 0.749 Thread 0x000002527ab0d800 Exception <a 'java/lang/NoSuchFieldError': method resolution failed> (0x000000076ce2ea40) thrown at [C:\wsjdk\Corretto8Src\installers\windows\zip\corretto-build\buildRoot\hotspot\src\share\vm\prims\methodHandles.cpp, line 1194]
Event: 0.905 Thread 0x000002527ab0d800 Exception <a 'java/io/FileNotFoundException'> (0x000000076d441f50) thrown at [C:\wsjdk\Corretto8Src\installers\windows\zip\corretto-build\buildRoot\hotspot\src\share\vm\prims\jni.cpp, line 709]
Event: 0.964 Thread 0x000002527ab0d800 Exception <a 'java/lang/NoSuchMethodError': java.lang.Object.lambda$static$0(Lorg/springframework/boot/WebApplicationType;)Lorg/springframework/context/ConfigurableApplicationContext;> (0x000000076d702730) thrown at [C:\wsjdk\Corretto8Src\installers\windo
Event: 1.002 Thread 0x000002527ab0d800 Exception <a 'java/lang/NoSuchMethodError': java.lang.Object.lambda$andThen$1(Ljava/util/function/Function;Ljava/lang/Object;)Ljava/lang/Object;> (0x000000076d99cc40) thrown at [C:\wsjdk\Corretto8Src\installers\windows\zip\corretto-build\buildRoot\hotspot
Event: 1.095 Thread 0x000002527ab0d800 Exception <a 'java/lang/NoSuchMethodError': java.lang.Object.lambda$fromSpringFactories$0(Ljava/lang/ClassLoader;)Ljava/util/List;> (0x000000076e057960) thrown at [C:\wsjdk\Corretto8Src\installers\windows\zip\corretto-build\buildRoot\hotspot\src\share\vm\
Event: 1.125 Thread 0x000002527ab0d800 Exception <a 'java/io/FileNotFoundException'> (0x000000076e26f140) thrown at [C:\wsjdk\Corretto8Src\installers\windows\zip\corretto-build\buildRoot\hotspot\src\share\vm\prims\jni.cpp, line 709]

Events (10 events):
Event: 1.157 Thread 0x000002527ab0d800 DEOPT UNPACKING pc=0x00000252000475d8 sp=0x0000005a716fdd50 mode 1
Event: 1.157 Thread 0x000002527ab0d800 DEOPT PACKING pc=0x000002520023d944 sp=0x0000005a716fe0c0
Event: 1.157 Thread 0x000002527ab0d800 DEOPT UNPACKING pc=0x00000252000475d8 sp=0x0000005a716fdee0 mode 1
Event: 1.158 loading class java/time/ZonedDateTime
Event: 1.158 loading class java/time/temporal/Temporal
Event: 1.158 loading class java/time/temporal/TemporalAccessor
Event: 1.158 loading class java/time/temporal/TemporalAccessor done
Event: 1.158 loading class java/time/temporal/Temporal done
Event: 1.158 loading class java/time/chrono/ChronoZonedDateTime
Event: 1.158 loading class java/time/chrono/ChronoZonedDateTime done


Dynamic libraries:
0x00007ff7183e0000 - 0x00007ff71841a000 	C:\Users\27342\.jdks\corretto-1.8.0_362\bin\java.exe
0x00007ff8650d0000 - 0x00007ff8652c8000 	C:\WINDOWS\SYSTEM32\ntdll.dll
0x00007ff864a70000 - 0x00007ff864b2f000 	C:\WINDOWS\System32\KERNEL32.DLL
0x00007ff862970000 - 0x00007ff862c66000 	C:\WINDOWS\System32\KERNELBASE.dll
0x00007ff85d400000 - 0x00007ff85d491000 	C:\WINDOWS\SYSTEM32\apphelp.dll
0x00007ff864800000 - 0x00007ff8648af000 	C:\WINDOWS\System32\ADVAPI32.dll
0x00007ff863340000 - 0x00007ff8633de000 	C:\WINDOWS\System32\msvcrt.dll
0x00007ff8649d0000 - 0x00007ff864a6c000 	C:\WINDOWS\System32\sechost.dll
0x00007ff8635b0000 - 0x00007ff8636d6000 	C:\WINDOWS\System32\RPCRT4.dll
0x00007ff8633e0000 - 0x00007ff86357d000 	C:\WINDOWS\System32\USER32.dll
0x00007ff863100000 - 0x00007ff863122000 	C:\WINDOWS\System32\win32u.dll
0x00007ff863780000 - 0x00007ff8637ac000 	C:\WINDOWS\System32\GDI32.dll
0x00007ff862dd0000 - 0x00007ff862ee5000 	C:\WINDOWS\System32\gdi32full.dll
0x00007ff8628d0000 - 0x00007ff86296d000 	C:\WINDOWS\System32\msvcp_win.dll
0x00007ff862ef0000 - 0x00007ff862ff0000 	C:\WINDOWS\System32\ucrtbase.dll
0x00007ff8484f0000 - 0x00007ff84878a000 	C:\WINDOWS\WinSxS\amd64_microsoft.windows.common-controls_6595b64144ccf1df_6.0.19041.1110_none_60b5254171f9507e\COMCTL32.dll
0x00007ff863580000 - 0x00007ff8635b0000 	C:\WINDOWS\System32\IMM32.DLL
0x00007ff8238c0000 - 0x00007ff8239af000 	C:\Users\27342\.jdks\corretto-1.8.0_362\jre\bin\msvcr120.dll
0x00007ff8236c0000 - 0x00007ff823766000 	C:\Users\27342\.jdks\corretto-1.8.0_362\jre\bin\msvcp120.dll
0x00000000729e0000 - 0x0000000073255000 	C:\Users\27342\.jdks\corretto-1.8.0_362\jre\bin\server\jvm.dll
0x00007ff863770000 - 0x00007ff863778000 	C:\WINDOWS\System32\PSAPI.DLL
0x00007ff848b90000 - 0x00007ff848b99000 	C:\WINDOWS\SYSTEM32\WSOCK32.dll
0x00007ff864710000 - 0x00007ff86477b000 	C:\WINDOWS\System32\WS2_32.dll
0x00007ff84bd00000 - 0x00007ff84bd27000 	C:\WINDOWS\SYSTEM32\WINMM.dll
0x00007ff859ac0000 - 0x00007ff859aca000 	C:\WINDOWS\SYSTEM32\VERSION.dll
0x00007ff850ff0000 - 0x00007ff850fff000 	C:\Users\27342\.jdks\corretto-1.8.0_362\jre\bin\verify.dll
0x00007ff850f80000 - 0x00007ff850fa9000 	C:\Users\27342\.jdks\corretto-1.8.0_362\jre\bin\java.dll
0x00007ff83ded0000 - 0x00007ff83df05000 	C:\Users\27342\.jdks\corretto-1.8.0_362\jre\bin\jdwp.dll
0x00007ff84c940000 - 0x00007ff84c948000 	C:\Users\27342\.jdks\corretto-1.8.0_362\jre\bin\npt.dll
0x00007ff84b5d0000 - 0x00007ff84b5fa000 	C:\Users\27342\.jdks\corretto-1.8.0_362\jre\bin\instrument.dll
0x00007ff850e00000 - 0x00007ff850e16000 	C:\Users\27342\.jdks\corretto-1.8.0_362\jre\bin\zip.dll
0x00007ff863a30000 - 0x00007ff864174000 	C:\WINDOWS\System32\SHELL32.dll
0x00007ff860840000 - 0x00007ff860fd3000 	C:\WINDOWS\SYSTEM32\windows.storage.dll
0x00007ff8643b0000 - 0x00007ff864704000 	C:\WINDOWS\System32\combase.dll
0x00007ff862200000 - 0x00007ff86222e000 	C:\WINDOWS\SYSTEM32\Wldp.dll
0x00007ff864250000 - 0x00007ff8642fd000 	C:\WINDOWS\System32\SHCORE.dll
0x00007ff8638e0000 - 0x00007ff863935000 	C:\WINDOWS\System32\shlwapi.dll
0x00007ff8626f0000 - 0x00007ff86270f000 	C:\WINDOWS\SYSTEM32\profapi.dll
0x00007ff84bc30000 - 0x00007ff84bc39000 	C:\Users\27342\.jdks\corretto-1.8.0_362\jre\bin\dt_socket.dll
0x00007ff861f60000 - 0x00007ff861fca000 	C:\WINDOWS\system32\mswsock.dll
0x00007ff84da90000 - 0x00007ff84daaa000 	C:\Users\27342\.jdks\corretto-1.8.0_362\jre\bin\net.dll
0x00007ff861c40000 - 0x00007ff861d0a000 	C:\WINDOWS\SYSTEM32\DNSAPI.dll
0x00007ff861c00000 - 0x00007ff861c3c000 	C:\WINDOWS\SYSTEM32\IPHLPAPI.DLL
0x00007ff864b50000 - 0x00007ff864b58000 	C:\WINDOWS\System32\NSI.dll
0x00007ff859700000 - 0x00007ff85970a000 	C:\Windows\System32\rasadhlp.dll
0x00007ff858410000 - 0x00007ff858492000 	C:\WINDOWS\System32\fwpuclnt.dll
0x00007ff863080000 - 0x00007ff8630a7000 	C:\WINDOWS\System32\bcrypt.dll
0x00007ff8478e0000 - 0x00007ff8478ed000 	C:\Users\27342\.jdks\corretto-1.8.0_362\jre\bin\management.dll
0x00007ff84b830000 - 0x00007ff84b842000 	C:\Users\27342\.jdks\corretto-1.8.0_362\jre\bin\nio.dll
0x00007ff862150000 - 0x00007ff862168000 	C:\WINDOWS\SYSTEM32\CRYPTSP.dll
0x00007ff861810000 - 0x00007ff861844000 	C:\WINDOWS\system32\rsaenh.dll
0x00007ff8626b0000 - 0x00007ff8626de000 	C:\WINDOWS\SYSTEM32\USERENV.dll
0x00007ff862ff0000 - 0x00007ff863072000 	C:\WINDOWS\System32\bcryptprimitives.dll
0x00007ff862170000 - 0x00007ff86217c000 	C:\WINDOWS\SYSTEM32\CRYPTBASE.dll
0x00007ff8597d0000 - 0x00007ff8597e7000 	C:\WINDOWS\SYSTEM32\dhcpcsvc6.DLL
0x00007ff859730000 - 0x00007ff85974d000 	C:\WINDOWS\SYSTEM32\dhcpcsvc.DLL
0x00007ff8405c0000 - 0x00007ff8405d7000 	C:\WINDOWS\system32\napinsp.dll
0x00007ff8405a0000 - 0x00007ff8405bb000 	C:\WINDOWS\system32\pnrpnsp.dll
0x00007ff85b810000 - 0x00007ff85b82d000 	C:\WINDOWS\system32\NLAapi.dll
0x00007ff840580000 - 0x00007ff840595000 	C:\WINDOWS\system32\wshbth.dll
0x00007ff83ed40000 - 0x00007ff83ed52000 	C:\WINDOWS\System32\winrnr.dll

VM Arguments:
jvm_args: -agentlib:jdwp=transport=dt_socket,address=127.0.0.1:51195,suspend=y,server=n -Dspring.output.ansi.enabled=always -Dcom.sun.management.jmxremote -Dspring.jmx.enabled=true -Dspring.liveBeansView.mbeanDomain -Dspring.application.admin.enabled=true -javaagent:C:\soft\IntelliJIDEA2022.2.3\plugins\java\lib\rt\debugger-agent.jar -Dfile.encoding=UTF-8 
java_command: com.example.SpringbootApplication
java_class_path (initial): C:\Users\27342\.jdks\corretto-1.8.0_362\jre\lib\charsets.jar;C:\Users\27342\.jdks\corretto-1.8.0_362\jre\lib\ext\access-bridge-64.jar;C:\Users\27342\.jdks\corretto-1.8.0_362\jre\lib\ext\cldrdata.jar;C:\Users\27342\.jdks\corretto-1.8.0_362\jre\lib\ext\dnsns.jar;C:\Users\27342\.jdks\corretto-1.8.0_362\jre\lib\ext\jaccess.jar;C:\Users\27342\.jdks\corretto-1.8.0_362\jre\lib\ext\jfxrt.jar;C:\Users\27342\.jdks\corretto-1.8.0_362\jre\lib\ext\localedata.jar;C:\Users\27342\.jdks\corretto-1.8.0_362\jre\lib\ext\nashorn.jar;C:\Users\27342\.jdks\corretto-1.8.0_362\jre\lib\ext\sunec.jar;C:\Users\27342\.jdks\corretto-1.8.0_362\jre\lib\ext\sunjce_provider.jar;C:\Users\27342\.jdks\corretto-1.8.0_362\jre\lib\ext\sunmscapi.jar;C:\Users\27342\.jdks\corretto-1.8.0_362\jre\lib\ext\sunpkcs11.jar;C:\Users\27342\.jdks\corretto-1.8.0_362\jre\lib\ext\zipfs.jar;C:\Users\27342\.jdks\corretto-1.8.0_362\jre\lib\jce.jar;C:\Users\27342\.jdks\corretto-1.8.0_362\jre\lib\jfr.jar;C:\Users\27342\.jdks\corretto-1.8.0_362\jre\lib\jfxswt.jar;C:\Users\27342\.jdks\corretto-1.8.0_362\jre\lib\jsse.jar;C:\Users\27342\.jdks\corretto-1.8.0_362\jre\lib\management-agent.jar;C:\Users\27342\.jdks\corretto-1.8.0_362\jre\lib\resources.jar;C:\Users\27342\.jdks\corretto-1.8.0_362\jre\lib\rt.jar;D:\BaiduNetdiskDownload\manager\springboot\target\classes;C:\Users\27342\.m2\repository\org\springframework\boot\spring-boot-starter-web\2.5.9\spring-boot-starter-web-2.5.9.jar;C:\Users\27342\.m2\repository\org\springframework\boot\spring-boot-starter\2.5.9\spring-boot-starter-2.5.9.jar;C:\Users\27342\.m2\repository\org\springframework\boot\spring-boot\2.5.9\spring-boot-2.5.9.jar;C:\Users\27342\.m2\repository\org\springframework\boot\spring-boot-autoconfigure\2.5.9\spring-boot-autoconfigure-2.5.9.jar;C:\Users\27342\.m2\repository\org\springframework\boot\spring-boot-starter-logging\2.5.9\spring-boot-starter-logging-2.5.9.jar;C:\Users\27342\.m2\repository\ch\qos\logback\logback-classic\1.2.10\logback-cl
Launcher Type: SUN_STANDARD

Environment Variables:
JAVA_HOME=D:\Program Files\Java\jdk1.8.0_331
PATH=D:\Program Files\Java\jdk1.8.0_331\bin;C:\windows\system32;C:\windows;C:\windows\System32\Wbem;C:\windows\System32\WindowsPowerShell\v1.0\;C:\windows\System32\OpenSSH\;C:\Program Files (x86)\NVIDIA Corporation\PhysX\Common;C:\WINDOWS\system32;C:\WINDOWS;C:\WINDOWS\System32\Wbem;C:\WINDOWS\System32\WindowsPowerShell\v1.0\;C:\WINDOWS\System32\OpenSSH\;D:\Program Files\MySQL\MySQL Server 8.0\bin;D:\Program Files\node-v14.21.3-win-x64;D:\Program Files\node-v14.21.3-win-x64\node_cache;D:\Program Files\node-v14.21.3-win-x64\node_global;C:\Users\27342\AppData\Local\Microsoft\WindowsApps;C:\Users\27342\AppData\Local\Programs\Microsoft VS Code\bin;D:\node-v14.21.3-win-x64;D:\Program Files\IDEA\IntelliJ IDEA 2023.2.4\bin;
USERNAME=27342
OS=Windows_NT
PROCESSOR_IDENTIFIER=Intel64 Family 6 Model 140 Stepping 1, GenuineIntel



---------------  S Y S T E M  ---------------

OS: Windows 10 , 64 bit Build 19041 (10.0.19041.3031)

CPU:total 8 (initial active 8) (4 cores per cpu, 2 threads per core) family 6 model 140 stepping 1, cmov, cx8, fxsr, mmx, sse, sse2, sse3, ssse3, sse4.1, sse4.2, popcnt, avx, avx2, aes, clmul, erms, 3dnowpref, lzcnt, ht, tsc, tscinvbit, bmi1, bmi2, adx

Memory: 4k page, physical 16499300k(5536064k free), swap 16630372k(5408k free)

vm_info: OpenJDK 64-Bit Server VM (25.362-b08) for windows-amd64 JRE (1.8.0_362-b08), built on Jan 13 2023 13:30:12 by "Administrator" with MS VC++ 12.0 (VS2013)

time: Thu Nov 02 01:29:18 2023
timezone: 中国标准时间
elapsed time: 1.163483 seconds (0d 0h 0m 1s)

