#
# There is insufficient memory for the Java Runtime Environment to continue.
# Native memory allocation (malloc) failed to allocate 4297456 bytes for Chunk::new
# Possible reasons:
#   The system is out of physical RAM or swap space
#   The process is running with CompressedOops enabled, and the Java Heap may be blocking the growth of the native heap
# Possible solutions:
#   Reduce memory load on the system
#   Increase physical memory or swap space
#   Check if swap backing store is full
#   Decrease Java heap size (-Xmx/-Xms)
#   Decrease number of Java threads
#   Decrease Java thread stack sizes (-Xss)
#   Set larger code cache with -XX:ReservedCodeCacheSize=
#   JVM is running with Zero Based Compressed Oops mode in which the Java heap is
#     placed in the first 32GB address space. The Java Heap base address is the
#     maximum limit for the native heap growth. Please use -XX:HeapBaseMinAddress
#     to set the Java Heap base and to place the Java Heap above 32GB virtual address.
# This output file may be truncated or incomplete.
#
#  Out of Memory Error (allocation.cpp:389), pid=6356, tid=0x0000000000004298
#
# JRE version: OpenJDK Runtime Environment (8.0_362-b08) (build 1.8.0_362-b08)
# Java VM: OpenJDK 64-Bit Server VM (25.362-b08 mixed mode windows-amd64 compressed oops)
# Failed to write core dump. Minidumps are not enabled by default on client versions of Windows
#

---------------  T H R E A D  ---------------

Current thread (0x0000022f3ce08000):  JavaThread "C2 CompilerThread2" daemon [_thread_in_native, id=17048, stack(0x0000005fc1900000,0x0000005fc1a00000)]

Stack: [0x0000005fc1900000,0x0000005fc1a00000]
[error occurred during error reporting (printing stack bounds), id 0xc0000005]

Native frames: (J=compiled Java code, j=interpreted, Vv=VM code, C=native code)


Current CompileTask:
C2:   3527 3326   !   4       org.springframework.core.annotation.AnnotationsScanner::processClassHierarchy (227 bytes)


---------------  P R O C E S S  ---------------

Java Threads: ( => current thread )
  0x0000022f42b6d000 JavaThread "DestroyJavaVM" [_thread_blocked, id=18272, stack(0x0000005fc0600000,0x0000005fc0700000)]
  0x0000022f42b6a000 JavaThread "http-nio-9090-Acceptor" daemon [_thread_in_native, id=17852, stack(0x0000005fc2500000,0x0000005fc2600000)]
  0x0000022f42b69000 JavaThread "http-nio-9090-Poller" daemon [_thread_in_native, id=10356, stack(0x0000005fc2400000,0x0000005fc2500000)]
  0x0000022f42b6b800 JavaThread "mysql-cj-abandoned-connection-cleanup" daemon [_thread_blocked, id=17632, stack(0x0000005fc2300000,0x0000005fc2400000)]
  0x0000022f42b68800 JavaThread "container-0" [_thread_blocked, id=7160, stack(0x0000005fc2200000,0x0000005fc2300000)]
  0x0000022f42b6b000 JavaThread "Catalina-utility-2" [_thread_blocked, id=3584, stack(0x0000005fc2100000,0x0000005fc2200000)]
  0x0000022f42b6c800 JavaThread "Catalina-utility-1" [_thread_blocked, id=9296, stack(0x0000005fc1e00000,0x0000005fc1f00000)]
  0x0000022f3e8e2800 JavaThread "RMI Scheduler(0)" daemon [_thread_blocked, id=17812, stack(0x0000005fc2000000,0x0000005fc2100000)]
  0x0000022f3dd5b800 JavaThread "RMI TCP Connection(1)-192.168.0.8" daemon [_thread_in_native, id=10776, stack(0x0000005fc1f00000,0x0000005fc2000000)]
  0x0000022f3d5b1000 JavaThread "RMI TCP Accept-0" daemon [_thread_in_native, id=7048, stack(0x0000005fc1c00000,0x0000005fc1d00000)]
  0x0000022f3cea4800 JavaThread "Service Thread" daemon [_thread_blocked, id=14280, stack(0x0000005fc1b00000,0x0000005fc1c00000)]
  0x0000022f3ce08800 JavaThread "C1 CompilerThread3" daemon [_thread_blocked, id=18024, stack(0x0000005fc1a00000,0x0000005fc1b00000)]
=>0x0000022f3ce08000 JavaThread "C2 CompilerThread2" daemon [_thread_in_native, id=17048, stack(0x0000005fc1900000,0x0000005fc1a00000)]
  0x0000022f3ce05000 JavaThread "C2 CompilerThread1" daemon [_thread_in_native, id=16412, stack(0x0000005fc1800000,0x0000005fc1900000)]
  0x0000022f3cdf4000 JavaThread "C2 CompilerThread0" daemon [_thread_in_native, id=8740, stack(0x0000005fc1700000,0x0000005fc1800000)]
  0x0000022f3cde0000 JavaThread "JDWP Command Reader" daemon [_thread_in_native, id=8488, stack(0x0000005fc1600000,0x0000005fc1700000)]
  0x0000022f3cddb800 JavaThread "JDWP Event Helper Thread" daemon [_thread_blocked, id=13760, stack(0x0000005fc1500000,0x0000005fc1600000)]
  0x0000022f3cdc4000 JavaThread "JDWP Transport Listener: dt_socket" daemon [_thread_blocked, id=16368, stack(0x0000005fc1400000,0x0000005fc1500000)]
  0x0000022f3b06e000 JavaThread "Attach Listener" daemon [_thread_blocked, id=5756, stack(0x0000005fc1300000,0x0000005fc1400000)]
  0x0000022f3cdb8800 JavaThread "Signal Dispatcher" daemon [_thread_blocked, id=17972, stack(0x0000005fc1200000,0x0000005fc1300000)]
  0x0000022f3afe7800 JavaThread "Finalizer" daemon [_thread_blocked, id=8588, stack(0x0000005fc1100000,0x0000005fc1200000)]
  0x0000022f3afd8000 JavaThread "Reference Handler" daemon [_thread_blocked, id=12428, stack(0x0000005fc1000000,0x0000005fc1100000)]

Other Threads:
  0x0000022f3afb0000 VMThread [stack: 0x0000005fc0f00000,0x0000005fc1000000] [id=1364]
  0x0000022f3d5c0000 WatcherThread [stack: 0x0000005fc1d00000,0x0000005fc1e00000] [id=7620]

VM state:not at safepoint (normal execution)

VM Mutex/Monitor currently owned by a thread: None

heap address: 0x00000006c4200000, size: 4030 MB, Compressed Oops mode: Zero based, Oop shift amount: 3
Narrow klass base: 0x0000000000000000, Narrow klass shift: 3
Compressed class space size: 1073741824 Address: 0x00000007c0000000

Heap:
 PSYoungGen      total 110592K, used 67684K [0x000000076c100000, 0x0000000777080000, 0x00000007c0000000)
  eden space 99840K, 67% used [0x000000076c100000,0x0000000770319260,0x0000000772280000)
  from space 10752K, 0% used [0x0000000772280000,0x0000000772280000,0x0000000772d00000)
  to   space 10240K, 0% used [0x0000000776680000,0x0000000776680000,0x0000000777080000)
 ParOldGen       total 148480K, used 12347K [0x00000006c4200000, 0x00000006cd300000, 0x000000076c100000)
  object space 148480K, 8% used [0x00000006c4200000,0x00000006c4e0ec48,0x00000006cd300000)
 Metaspace       used 39659K, capacity 42264K, committed 42496K, reserved 1085440K
  class space    used 5092K, capacity 5556K, committed 5632K, reserved 1048576K

Card table byte_map: [0x0000022f31280000,0x0000022f31a60000] byte_map_base: 0x0000022f2dc5f000

Marking Bits: (ParMarkBitMap*) 0x00000000731d6830
 Begin Bits: [0x0000022f31fa0000, 0x0000022f35e98000)
 End Bits:   [0x0000022f35e98000, 0x0000022f39d90000)

Polling page: 0x0000022f20210000

CodeCache: size=245760Kb used=13218Kb max_used=13218Kb free=232541Kb
 bounds [0x0000022f21ec0000, 0x0000022f22bb0000, 0x0000022f30ec0000]
 total_blobs=4145 nmethods=3699 adapters=366
 compilation: enabled

Compilation events (10 events):
Event: 3.504 Thread 0x0000022f3ce08800 3722   !   2       org.springframework.util.ConcurrentReferenceHashMap$Segment::clear (69 bytes)
Event: 3.504 Thread 0x0000022f3ce08800 nmethod 3722 0x0000022f22bab8d0 code [0x0000022f22baba60, 0x0000022f22babdf0]
Event: 3.506 Thread 0x0000022f3ce08800 3723       2       org.springframework.core.ResolvableType::isAssignableFrom (7 bytes)
Event: 3.506 Thread 0x0000022f3ce08800 nmethod 3723 0x0000022f22bac0d0 code [0x0000022f22bac240, 0x0000022f22bac3d0]
Event: 3.506 Thread 0x0000022f3ce08800 3724       2       org.springframework.core.annotation.AnnotationAwareOrderComparator::findOrderFromAnnotation (63 bytes)
Event: 3.507 Thread 0x0000022f3ce08800 nmethod 3724 0x0000022f22bac490 code [0x0000022f22bac660, 0x0000022f22bacba0]
Event: 3.508 Thread 0x0000022f3ce08800 3726       2       org.springframework.core.OrderComparator::getOrder (111 bytes)
Event: 3.509 Thread 0x0000022f3ce08800 nmethod 3726 0x0000022f22bad050 code [0x0000022f22bad200, 0x0000022f22bad5e0]
Event: 3.509 Thread 0x0000022f3ce08800 3727       2       java.util.LinkedHashSet::<init> (27 bytes)
Event: 3.509 Thread 0x0000022f3ce08800 nmethod 3727 0x0000022f22bad8d0 code [0x0000022f22bada80, 0x0000022f22badd10]

GC Heap History (10 events):
Event: 1.530 GC heap before
{Heap before GC invocations=3 (full 1):
 PSYoungGen      total 75264K, used 8483K [0x000000076c100000, 0x0000000775400000, 0x00000007c0000000)
  eden space 64512K, 0% used [0x000000076c100000,0x000000076c100000,0x0000000770000000)
  from space 10752K, 78% used [0x0000000770a80000,0x00000007712c8eb0,0x0000000771500000)
  to   space 10752K, 0% used [0x0000000770000000,0x0000000770000000,0x0000000770a80000)
 ParOldGen       total 172032K, used 24K [0x00000006c4200000, 0x00000006cea00000, 0x000000076c100000)
  object space 172032K, 0% used [0x00000006c4200000,0x00000006c4206000,0x00000006cea00000)
 Metaspace       used 20430K, capacity 21162K, committed 21296K, reserved 1069056K
  class space    used 2514K, capacity 2665K, committed 2688K, reserved 1048576K
Event: 1.547 GC heap after
Heap after GC invocations=3 (full 1):
 PSYoungGen      total 75264K, used 0K [0x000000076c100000, 0x0000000775400000, 0x00000007c0000000)
  eden space 64512K, 0% used [0x000000076c100000,0x000000076c100000,0x0000000770000000)
  from space 10752K, 0% used [0x0000000770a80000,0x0000000770a80000,0x0000000771500000)
  to   space 10752K, 0% used [0x0000000770000000,0x0000000770000000,0x0000000770a80000)
 ParOldGen       total 98304K, used 8117K [0x00000006c4200000, 0x00000006ca200000, 0x000000076c100000)
  object space 98304K, 8% used [0x00000006c4200000,0x00000006c49ed480,0x00000006ca200000)
 Metaspace       used 20430K, capacity 21162K, committed 21296K, reserved 1069056K
  class space    used 2514K, capacity 2665K, committed 2688K, reserved 1048576K
}
Event: 2.106 GC heap before
{Heap before GC invocations=4 (full 1):
 PSYoungGen      total 75264K, used 64512K [0x000000076c100000, 0x0000000775400000, 0x00000007c0000000)
  eden space 64512K, 100% used [0x000000076c100000,0x0000000770000000,0x0000000770000000)
  from space 10752K, 0% used [0x0000000770a80000,0x0000000770a80000,0x0000000771500000)
  to   space 10752K, 0% used [0x0000000770000000,0x0000000770000000,0x0000000770a80000)
 ParOldGen       total 98304K, used 8117K [0x00000006c4200000, 0x00000006ca200000, 0x000000076c100000)
  object space 98304K, 8% used [0x00000006c4200000,0x00000006c49ed480,0x00000006ca200000)
 Metaspace       used 25584K, capacity 26814K, committed 27136K, reserved 1073152K
  class space    used 3219K, capacity 3497K, committed 3584K, reserved 1048576K
Event: 2.109 GC heap after
Heap after GC invocations=4 (full 1):
 PSYoungGen      total 75264K, used 7573K [0x000000076c100000, 0x0000000773780000, 0x00000007c0000000)
  eden space 64512K, 0% used [0x000000076c100000,0x000000076c100000,0x0000000770000000)
  from space 10752K, 70% used [0x0000000770000000,0x0000000770765638,0x0000000770a80000)
  to   space 10752K, 0% used [0x0000000772d00000,0x0000000772d00000,0x0000000773780000)
 ParOldGen       total 98304K, used 8125K [0x00000006c4200000, 0x00000006ca200000, 0x000000076c100000)
  object space 98304K, 8% used [0x00000006c4200000,0x00000006c49ef480,0x00000006ca200000)
 Metaspace       used 25584K, capacity 26814K, committed 27136K, reserved 1073152K
  class space    used 3219K, capacity 3497K, committed 3584K, reserved 1048576K
}
Event: 2.693 GC heap before
{Heap before GC invocations=5 (full 1):
 PSYoungGen      total 75264K, used 72085K [0x000000076c100000, 0x0000000773780000, 0x00000007c0000000)
  eden space 64512K, 100% used [0x000000076c100000,0x0000000770000000,0x0000000770000000)
  from space 10752K, 70% used [0x0000000770000000,0x0000000770765638,0x0000000770a80000)
  to   space 10752K, 0% used [0x0000000772d00000,0x0000000772d00000,0x0000000773780000)
 ParOldGen       total 98304K, used 8125K [0x00000006c4200000, 0x00000006ca200000, 0x000000076c100000)
  object space 98304K, 8% used [0x00000006c4200000,0x00000006c49ef480,0x00000006ca200000)
 Metaspace       used 31419K, capacity 33348K, committed 33536K, reserved 1079296K
  class space    used 3988K, capacity 4350K, committed 4352K, reserved 1048576K
Event: 2.701 GC heap after
Heap after GC invocations=5 (full 1):
 PSYoungGen      total 110592K, used 10054K [0x000000076c100000, 0x0000000773780000, 0x00000007c0000000)
  eden space 99840K, 0% used [0x000000076c100000,0x000000076c100000,0x0000000772280000)
  from space 10752K, 93% used [0x0000000772d00000,0x00000007736d1bf0,0x0000000773780000)
  to   space 10752K, 0% used [0x0000000772280000,0x0000000772280000,0x0000000772d00000)
 ParOldGen       total 98304K, used 8133K [0x00000006c4200000, 0x00000006ca200000, 0x000000076c100000)
  object space 98304K, 8% used [0x00000006c4200000,0x00000006c49f1480,0x00000006ca200000)
 Metaspace       used 31419K, capacity 33348K, committed 33536K, reserved 1079296K
  class space    used 3988K, capacity 4350K, committed 4352K, reserved 1048576K
}
Event: 2.894 GC heap before
{Heap before GC invocations=6 (full 1):
 PSYoungGen      total 110592K, used 35688K [0x000000076c100000, 0x0000000773780000, 0x00000007c0000000)
  eden space 99840K, 25% used [0x000000076c100000,0x000000076da08538,0x0000000772280000)
  from space 10752K, 93% used [0x0000000772d00000,0x00000007736d1bf0,0x0000000773780000)
  to   space 10752K, 0% used [0x0000000772280000,0x0000000772280000,0x0000000772d00000)
 ParOldGen       total 98304K, used 8133K [0x00000006c4200000, 0x00000006ca200000, 0x000000076c100000)
  object space 98304K, 8% used [0x00000006c4200000,0x00000006c49f1480,0x00000006ca200000)
 Metaspace       used 33278K, capacity 35302K, committed 35456K, reserved 1079296K
  class space    used 4245K, capacity 4641K, committed 4736K, reserved 1048576K
Event: 2.899 GC heap after
Heap after GC invocations=6 (full 1):
 PSYoungGen      total 110592K, used 7728K [0x000000076c100000, 0x0000000777080000, 0x00000007c0000000)
  eden space 99840K, 0% used [0x000000076c100000,0x000000076c100000,0x0000000772280000)
  from space 10752K, 71% used [0x0000000772280000,0x0000000772a0c348,0x0000000772d00000)
  to   space 10240K, 0% used [0x0000000776680000,0x0000000776680000,0x0000000777080000)
 ParOldGen       total 98304K, used 8141K [0x00000006c4200000, 0x00000006ca200000, 0x000000076c100000)
  object space 98304K, 8% used [0x00000006c4200000,0x00000006c49f3480,0x00000006ca200000)
 Metaspace       used 33278K, capacity 35302K, committed 35456K, reserved 1079296K
  class space    used 4245K, capacity 4641K, committed 4736K, reserved 1048576K
}
Event: 2.899 GC heap before
{Heap before GC invocations=7 (full 2):
 PSYoungGen      total 110592K, used 7728K [0x000000076c100000, 0x0000000777080000, 0x00000007c0000000)
  eden space 99840K, 0% used [0x000000076c100000,0x000000076c100000,0x0000000772280000)
  from space 10752K, 71% used [0x0000000772280000,0x0000000772a0c348,0x0000000772d00000)
  to   space 10240K, 0% used [0x0000000776680000,0x0000000776680000,0x0000000777080000)
 ParOldGen       total 98304K, used 8141K [0x00000006c4200000, 0x00000006ca200000, 0x000000076c100000)
  object space 98304K, 8% used [0x00000006c4200000,0x00000006c49f3480,0x00000006ca200000)
 Metaspace       used 33278K, capacity 35302K, committed 35456K, reserved 1079296K
  class space    used 4245K, capacity 4641K, committed 4736K, reserved 1048576K
Event: 2.928 GC heap after
Heap after GC invocations=7 (full 2):
 PSYoungGen      total 110592K, used 0K [0x000000076c100000, 0x0000000777080000, 0x00000007c0000000)
  eden space 99840K, 0% used [0x000000076c100000,0x000000076c100000,0x0000000772280000)
  from space 10752K, 0% used [0x0000000772280000,0x0000000772280000,0x0000000772d00000)
  to   space 10240K, 0% used [0x0000000776680000,0x0000000776680000,0x0000000777080000)
 ParOldGen       total 148480K, used 12347K [0x00000006c4200000, 0x00000006cd300000, 0x000000076c100000)
  object space 148480K, 8% used [0x00000006c4200000,0x00000006c4e0ec48,0x00000006cd300000)
 Metaspace       used 33278K, capacity 35302K, committed 35456K, reserved 1079296K
  class space    used 4245K, capacity 4641K, committed 4736K, reserved 1048576K
}

Deoptimization events (10 events):
Event: 3.056 Thread 0x0000022f2026d800 Uncommon trap: reason=bimorphic action=maybe_recompile pc=0x0000022f224f36a0 method=java.util.HashMap.putVal(ILjava/lang/Object;Ljava/lang/Object;ZZ)Ljava/lang/Object; @ 253
Event: 3.056 Thread 0x0000022f2026d800 Uncommon trap: reason=bimorphic action=maybe_recompile pc=0x0000022f224f36a0 method=java.util.HashMap.putVal(ILjava/lang/Object;Ljava/lang/Object;ZZ)Ljava/lang/Object; @ 253
Event: 3.056 Thread 0x0000022f2026d800 Uncommon trap: reason=bimorphic action=maybe_recompile pc=0x0000022f224f36a0 method=java.util.HashMap.putVal(ILjava/lang/Object;Ljava/lang/Object;ZZ)Ljava/lang/Object; @ 253
Event: 3.057 Thread 0x0000022f2026d800 Uncommon trap: reason=bimorphic action=maybe_recompile pc=0x0000022f224f36a0 method=java.util.HashMap.putVal(ILjava/lang/Object;Ljava/lang/Object;ZZ)Ljava/lang/Object; @ 253
Event: 3.077 Thread 0x0000022f2026d800 Uncommon trap: reason=unstable_if action=reinterpret pc=0x0000022f226dec00 method=sun.reflect.annotation.AnnotationInvocationHandler.invoke(Ljava/lang/Object;Ljava/lang/reflect/Method;[Ljava/lang/Object;)Ljava/lang/Object; @ 19
Event: 3.117 Thread 0x0000022f2026d800 Uncommon trap: reason=class_check action=maybe_recompile pc=0x0000022f2283db80 method=java.lang.reflect.Method.equals(Ljava/lang/Object;)Z @ 5
Event: 3.204 Thread 0x0000022f2026d800 Uncommon trap: reason=unstable_if action=reinterpret pc=0x0000022f227f9300 method=java.util.concurrent.ConcurrentHashMap.putVal(Ljava/lang/Object;Ljava/lang/Object;Z)Ljava/lang/Object; @ 331
Event: 3.204 Thread 0x0000022f2026d800 Uncommon trap: reason=unstable_if action=reinterpret pc=0x0000022f22a54d8c method=java.util.concurrent.ConcurrentHashMap.get(Ljava/lang/Object;)Ljava/lang/Object; @ 86
Event: 3.373 Thread 0x0000022f2026d800 Uncommon trap: reason=unstable_if action=reinterpret pc=0x0000022f226db5a0 method=java.util.concurrent.ConcurrentHashMap.transfer([Ljava/util/concurrent/ConcurrentHashMap$Node;[Ljava/util/concurrent/ConcurrentHashMap$Node;)V @ 356
Event: 3.501 Thread 0x0000022f2026d800 Uncommon trap: reason=unstable_if action=reinterpret pc=0x0000022f22340634 method=org.springframework.util.ConcurrentReferenceHashMap$Segment.clear()V @ 7

Classes redefined (0 events):
No events

Internal exceptions (10 events):
Event: 3.140 Thread 0x0000022f2026d800 Exception <a 'java/lang/ClassNotFoundException': org/springframework/web/servlet/config/annotation/WebMvcConfigurationSupportCustomizer> (0x000000076db99f38) thrown at [C:\wsjdk\Corretto8Src\installers\windows\zip\corretto-build\buildRoot\hotspot\src\shar
Event: 3.140 Thread 0x0000022f2026d800 Exception <a 'java/lang/ClassNotFoundException': org/springframework/web/servlet/config/annotation/DelegatingWebMvcConfigurationCustomizer> (0x000000076dbc6a08) thrown at [C:\wsjdk\Corretto8Src\installers\windows\zip\corretto-build\buildRoot\hotspot\src\s
Event: 3.141 Thread 0x0000022f2026d800 Exception <a 'java/lang/ClassNotFoundException': org/springframework/boot/autoconfigure/web/servlet/WebMvcAutoConfiguration$EnableWebMvcConfigurationCustomizer> (0x000000076dbe4b00) thrown at [C:\wsjdk\Corretto8Src\installers\windows\zip\corretto-build\bu
Event: 3.142 Thread 0x0000022f2026d800 Exception <a 'java/lang/ClassNotFoundException': org/springframework/context/ResourceLoaderAwareCustomizer> (0x000000076dc08df8) thrown at [C:\wsjdk\Corretto8Src\installers\windows\zip\corretto-build\buildRoot\hotspot\src\share\vm\classfile\systemDictiona
Event: 3.142 Thread 0x0000022f2026d800 Exception <a 'java/lang/ClassNotFoundException': org/springframework/beans/factory/AwareCustomizer> (0x000000076dc17fd0) thrown at [C:\wsjdk\Corretto8Src\installers\windows\zip\corretto-build\buildRoot\hotspot\src\share\vm\classfile\systemDictionary.cpp, 
Event: 3.142 Thread 0x0000022f2026d800 Exception <a 'java/lang/ClassNotFoundException': org/springframework/context/ApplicationContextAwareCustomizer> (0x000000076dc28540) thrown at [C:\wsjdk\Corretto8Src\installers\windows\zip\corretto-build\buildRoot\hotspot\src\share\vm\classfile\systemDict
Event: 3.143 Thread 0x0000022f2026d800 Exception <a 'java/lang/ClassNotFoundException': org/springframework/beans/factory/AwareCustomizer> (0x000000076dc37d20) thrown at [C:\wsjdk\Corretto8Src\installers\windows\zip\corretto-build\buildRoot\hotspot\src\share\vm\classfile\systemDictionary.cpp, 
Event: 3.143 Thread 0x0000022f2026d800 Exception <a 'java/lang/ClassNotFoundException': org/springframework/web/context/ServletContextAwareCustomizer> (0x000000076dc48290) thrown at [C:\wsjdk\Corretto8Src\installers\windows\zip\corretto-build\buildRoot\hotspot\src\share\vm\classfile\systemDict
Event: 3.143 Thread 0x0000022f2026d800 Exception <a 'java/lang/ClassNotFoundException': org/springframework/beans/factory/AwareCustomizer> (0x000000076dc574e0) thrown at [C:\wsjdk\Corretto8Src\installers\windows\zip\corretto-build\buildRoot\hotspot\src\share\vm\classfile\systemDictionary.cpp, 
Event: 3.322 Thread 0x0000022f2026d800 Exception <a 'java/lang/IncompatibleClassChangeError': Found class java.lang.Object, but interface was expected> (0x000000076ee927a8) thrown at [C:\wsjdk\Corretto8Src\installers\windows\zip\corretto-build\buildRoot\hotspot\src\share\vm\interpreter\linkRes

Events (10 events):
Event: 3.507 loading class org/springframework/boot/CommandLineRunner
Event: 3.507 loading class org/springframework/boot/CommandLineRunner done
Event: 3.508 loading class org/springframework/context/ConfigurableApplicationContext
Event: 3.508 loading class org/springframework/context/ConfigurableApplicationContext done
Event: 3.508 loading class org/springframework/context/ConfigurableApplicationContext
Event: 3.508 loading class org/springframework/context/ConfigurableApplicationContext done
Event: 3.509 loading class java/util/IdentityHashMap$KeyIterator
Event: 3.509 loading class java/util/IdentityHashMap$KeyIterator done
Event: 3.509 Thread 0x0000022f2026d800 Thread exited: 0x0000022f2026d800
Event: 3.509 Thread 0x0000022f42b6d000 Thread added: 0x0000022f42b6d000


Dynamic libraries:
0x00007ff7183e0000 - 0x00007ff71841a000 	C:\Users\27342\.jdks\corretto-1.8.0_362\bin\java.exe
0x00007ff8650d0000 - 0x00007ff8652c8000 	C:\WINDOWS\SYSTEM32\ntdll.dll
0x00007ff864a70000 - 0x00007ff864b2f000 	C:\WINDOWS\System32\KERNEL32.DLL
0x00007ff862970000 - 0x00007ff862c66000 	C:\WINDOWS\System32\KERNELBASE.dll
0x00007ff85d400000 - 0x00007ff85d491000 	C:\WINDOWS\SYSTEM32\apphelp.dll
0x00007ff864800000 - 0x00007ff8648af000 	C:\WINDOWS\System32\ADVAPI32.dll
0x00007ff863340000 - 0x00007ff8633de000 	C:\WINDOWS\System32\msvcrt.dll
0x00007ff8649d0000 - 0x00007ff864a6c000 	C:\WINDOWS\System32\sechost.dll
0x00007ff8635b0000 - 0x00007ff8636d6000 	C:\WINDOWS\System32\RPCRT4.dll
0x00007ff8633e0000 - 0x00007ff86357d000 	C:\WINDOWS\System32\USER32.dll
0x00007ff863100000 - 0x00007ff863122000 	C:\WINDOWS\System32\win32u.dll
0x00007ff863780000 - 0x00007ff8637ac000 	C:\WINDOWS\System32\GDI32.dll
0x00007ff862dd0000 - 0x00007ff862ee5000 	C:\WINDOWS\System32\gdi32full.dll
0x00007ff8628d0000 - 0x00007ff86296d000 	C:\WINDOWS\System32\msvcp_win.dll
0x00007ff862ef0000 - 0x00007ff862ff0000 	C:\WINDOWS\System32\ucrtbase.dll
0x00007ff8484f0000 - 0x00007ff84878a000 	C:\WINDOWS\WinSxS\amd64_microsoft.windows.common-controls_6595b64144ccf1df_6.0.19041.1110_none_60b5254171f9507e\COMCTL32.dll
0x00007ff863580000 - 0x00007ff8635b0000 	C:\WINDOWS\System32\IMM32.DLL
0x00007ff8238c0000 - 0x00007ff8239af000 	C:\Users\27342\.jdks\corretto-1.8.0_362\jre\bin\msvcr120.dll
0x00007ff8236c0000 - 0x00007ff823766000 	C:\Users\27342\.jdks\corretto-1.8.0_362\jre\bin\msvcp120.dll
0x00000000729e0000 - 0x0000000073255000 	C:\Users\27342\.jdks\corretto-1.8.0_362\jre\bin\server\jvm.dll
0x00007ff863770000 - 0x00007ff863778000 	C:\WINDOWS\System32\PSAPI.DLL
0x00007ff84bd00000 - 0x00007ff84bd27000 	C:\WINDOWS\SYSTEM32\WINMM.dll
0x00007ff848b90000 - 0x00007ff848b99000 	C:\WINDOWS\SYSTEM32\WSOCK32.dll
0x00007ff859ac0000 - 0x00007ff859aca000 	C:\WINDOWS\SYSTEM32\VERSION.dll
0x00007ff864710000 - 0x00007ff86477b000 	C:\WINDOWS\System32\WS2_32.dll
0x00007ff850ff0000 - 0x00007ff850fff000 	C:\Users\27342\.jdks\corretto-1.8.0_362\jre\bin\verify.dll
0x00007ff850f80000 - 0x00007ff850fa9000 	C:\Users\27342\.jdks\corretto-1.8.0_362\jre\bin\java.dll
0x00007ff828830000 - 0x00007ff828865000 	C:\Users\27342\.jdks\corretto-1.8.0_362\jre\bin\jdwp.dll
0x00007ff84bc30000 - 0x00007ff84bc38000 	C:\Users\27342\.jdks\corretto-1.8.0_362\jre\bin\npt.dll
0x00007ff84b5d0000 - 0x00007ff84b5fa000 	C:\Users\27342\.jdks\corretto-1.8.0_362\jre\bin\instrument.dll
0x00007ff850e00000 - 0x00007ff850e16000 	C:\Users\27342\.jdks\corretto-1.8.0_362\jre\bin\zip.dll
0x00007ff863a30000 - 0x00007ff864174000 	C:\WINDOWS\System32\SHELL32.dll
0x00007ff860840000 - 0x00007ff860fd3000 	C:\WINDOWS\SYSTEM32\windows.storage.dll
0x00007ff8643b0000 - 0x00007ff864704000 	C:\WINDOWS\System32\combase.dll
0x00007ff862200000 - 0x00007ff86222e000 	C:\WINDOWS\SYSTEM32\Wldp.dll
0x00007ff864250000 - 0x00007ff8642fd000 	C:\WINDOWS\System32\SHCORE.dll
0x00007ff8638e0000 - 0x00007ff863935000 	C:\WINDOWS\System32\shlwapi.dll
0x00007ff8626f0000 - 0x00007ff86270f000 	C:\WINDOWS\SYSTEM32\profapi.dll
0x00007ff8478e0000 - 0x00007ff8478e9000 	C:\Users\27342\.jdks\corretto-1.8.0_362\jre\bin\dt_socket.dll
0x00007ff861f60000 - 0x00007ff861fca000 	C:\WINDOWS\system32\mswsock.dll
0x00007ff84da90000 - 0x00007ff84daaa000 	C:\Users\27342\.jdks\corretto-1.8.0_362\jre\bin\net.dll
0x00007ff861c40000 - 0x00007ff861d0a000 	C:\WINDOWS\SYSTEM32\DNSAPI.dll
0x00007ff861c00000 - 0x00007ff861c3c000 	C:\WINDOWS\SYSTEM32\IPHLPAPI.DLL
0x00007ff864b50000 - 0x00007ff864b58000 	C:\WINDOWS\System32\NSI.dll
0x00007ff859700000 - 0x00007ff85970a000 	C:\Windows\System32\rasadhlp.dll
0x00007ff858410000 - 0x00007ff858492000 	C:\WINDOWS\System32\fwpuclnt.dll
0x00007ff863080000 - 0x00007ff8630a7000 	C:\WINDOWS\System32\bcrypt.dll
0x00007ff850fe0000 - 0x00007ff850fed000 	C:\Users\27342\.jdks\corretto-1.8.0_362\jre\bin\management.dll
0x00007ff84b830000 - 0x00007ff84b842000 	C:\Users\27342\.jdks\corretto-1.8.0_362\jre\bin\nio.dll
0x00007ff862150000 - 0x00007ff862168000 	C:\WINDOWS\SYSTEM32\CRYPTSP.dll
0x00007ff861810000 - 0x00007ff861844000 	C:\WINDOWS\system32\rsaenh.dll
0x00007ff8626b0000 - 0x00007ff8626de000 	C:\WINDOWS\SYSTEM32\USERENV.dll
0x00007ff862ff0000 - 0x00007ff863072000 	C:\WINDOWS\System32\bcryptprimitives.dll
0x00007ff862170000 - 0x00007ff86217c000 	C:\WINDOWS\SYSTEM32\CRYPTBASE.dll
0x00007ff8597d0000 - 0x00007ff8597e7000 	C:\WINDOWS\SYSTEM32\dhcpcsvc6.DLL
0x00007ff859730000 - 0x00007ff85974d000 	C:\WINDOWS\SYSTEM32\dhcpcsvc.DLL
0x00007ff8405c0000 - 0x00007ff8405d7000 	C:\WINDOWS\system32\napinsp.dll
0x00007ff8405a0000 - 0x00007ff8405bb000 	C:\WINDOWS\system32\pnrpnsp.dll
0x00007ff85b810000 - 0x00007ff85b82d000 	C:\WINDOWS\system32\NLAapi.dll
0x00007ff840580000 - 0x00007ff840595000 	C:\WINDOWS\system32\wshbth.dll
0x00007ff83ed40000 - 0x00007ff83ed52000 	C:\WINDOWS\System32\winrnr.dll

VM Arguments:
jvm_args: -agentlib:jdwp=transport=dt_socket,address=127.0.0.1:51301,suspend=y,server=n -Dspring.output.ansi.enabled=always -Dcom.sun.management.jmxremote -Dspring.jmx.enabled=true -Dspring.liveBeansView.mbeanDomain -Dspring.application.admin.enabled=true -javaagent:C:\soft\IntelliJIDEA2022.2.3\plugins\java\lib\rt\debugger-agent.jar -Dfile.encoding=UTF-8 
java_command: com.example.SpringbootApplication
java_class_path (initial): C:\Users\27342\.jdks\corretto-1.8.0_362\jre\lib\charsets.jar;C:\Users\27342\.jdks\corretto-1.8.0_362\jre\lib\ext\access-bridge-64.jar;C:\Users\27342\.jdks\corretto-1.8.0_362\jre\lib\ext\cldrdata.jar;C:\Users\27342\.jdks\corretto-1.8.0_362\jre\lib\ext\dnsns.jar;C:\Users\27342\.jdks\corretto-1.8.0_362\jre\lib\ext\jaccess.jar;C:\Users\27342\.jdks\corretto-1.8.0_362\jre\lib\ext\jfxrt.jar;C:\Users\27342\.jdks\corretto-1.8.0_362\jre\lib\ext\localedata.jar;C:\Users\27342\.jdks\corretto-1.8.0_362\jre\lib\ext\nashorn.jar;C:\Users\27342\.jdks\corretto-1.8.0_362\jre\lib\ext\sunec.jar;C:\Users\27342\.jdks\corretto-1.8.0_362\jre\lib\ext\sunjce_provider.jar;C:\Users\27342\.jdks\corretto-1.8.0_362\jre\lib\ext\sunmscapi.jar;C:\Users\27342\.jdks\corretto-1.8.0_362\jre\lib\ext\sunpkcs11.jar;C:\Users\27342\.jdks\corretto-1.8.0_362\jre\lib\ext\zipfs.jar;C:\Users\27342\.jdks\corretto-1.8.0_362\jre\lib\jce.jar;C:\Users\27342\.jdks\corretto-1.8.0_362\jre\lib\jfr.jar;C:\Users\27342\.jdks\corretto-1.8.0_362\jre\lib\jfxswt.jar;C:\Users\27342\.jdks\corretto-1.8.0_362\jre\lib\jsse.jar;C:\Users\27342\.jdks\corretto-1.8.0_362\jre\lib\management-agent.jar;C:\Users\27342\.jdks\corretto-1.8.0_362\jre\lib\resources.jar;C:\Users\27342\.jdks\corretto-1.8.0_362\jre\lib\rt.jar;D:\BaiduNetdiskDownload\manager\springboot\target\classes;C:\Users\27342\.m2\repository\org\springframework\boot\spring-boot-starter-web\2.5.9\spring-boot-starter-web-2.5.9.jar;C:\Users\27342\.m2\repository\org\springframework\boot\spring-boot-starter\2.5.9\spring-boot-starter-2.5.9.jar;C:\Users\27342\.m2\repository\org\springframework\boot\spring-boot\2.5.9\spring-boot-2.5.9.jar;C:\Users\27342\.m2\repository\org\springframework\boot\spring-boot-autoconfigure\2.5.9\spring-boot-autoconfigure-2.5.9.jar;C:\Users\27342\.m2\repository\org\springframework\boot\spring-boot-starter-logging\2.5.9\spring-boot-starter-logging-2.5.9.jar;C:\Users\27342\.m2\repository\ch\qos\logback\logback-classic\1.2.10\logback-cl
Launcher Type: SUN_STANDARD

Environment Variables:
JAVA_HOME=D:\Program Files\Java\jdk1.8.0_331
PATH=D:\Program Files\Java\jdk1.8.0_331\bin;C:\windows\system32;C:\windows;C:\windows\System32\Wbem;C:\windows\System32\WindowsPowerShell\v1.0\;C:\windows\System32\OpenSSH\;C:\Program Files (x86)\NVIDIA Corporation\PhysX\Common;C:\WINDOWS\system32;C:\WINDOWS;C:\WINDOWS\System32\Wbem;C:\WINDOWS\System32\WindowsPowerShell\v1.0\;C:\WINDOWS\System32\OpenSSH\;D:\Program Files\MySQL\MySQL Server 8.0\bin;D:\Program Files\node-v14.21.3-win-x64;D:\Program Files\node-v14.21.3-win-x64\node_cache;D:\Program Files\node-v14.21.3-win-x64\node_global;C:\Users\27342\AppData\Local\Microsoft\WindowsApps;C:\Users\27342\AppData\Local\Programs\Microsoft VS Code\bin;D:\node-v14.21.3-win-x64;D:\Program Files\IDEA\IntelliJ IDEA 2023.2.4\bin;
USERNAME=27342
OS=Windows_NT
PROCESSOR_IDENTIFIER=Intel64 Family 6 Model 140 Stepping 1, GenuineIntel



---------------  S Y S T E M  ---------------

OS: Windows 10 , 64 bit Build 19041 (10.0.19041.3031)

CPU:total 8 (initial active 8) (4 cores per cpu, 2 threads per core) family 6 model 140 stepping 1, cmov, cx8, fxsr, mmx, sse, sse2, sse3, ssse3, sse4.1, sse4.2, popcnt, avx, avx2, aes, clmul, erms, 3dnowpref, lzcnt, ht, tsc, tscinvbit, bmi1, bmi2, adx

Memory: 4k page, physical 16499300k(5317700k free), swap 16630372k(13296k free)

vm_info: OpenJDK 64-Bit Server VM (25.362-b08) for windows-amd64 JRE (1.8.0_362-b08), built on Jan 13 2023 13:30:12 by "Administrator" with MS VC++ 12.0 (VS2013)

time: Thu Nov 02 01:30:04 2023
timezone: 中国标准时间
elapsed time: 3.529821 seconds (0d 0h 0m 3s)

